app/libs/sinch-android-verification-1.4.0-05db487/proguard-mapping/seeds.txt
com.sinch.sanalytics.client.android.DefaultSystemPreferencesProvider
com.sinch.sanalytics.client.android.DefaultSystemPreferencesProvider: DefaultSystemPreferencesProvider()
com.sinch.sanalytics.client.android.DefaultSystemPreferencesProvider: com.sinch.sanalytics.client.SystemPreferences newInstance(java.lang.Object)
com.sinch.sanalytics.client.android.DefaultSystemPreferencesProvider: java.lang.Object newInstance(java.lang.Object)
com.sinch.sanalytics.client.android.InternalLog
com.sinch.sanalytics.client.android.InternalLog: java.lang.String TAG
com.sinch.sanalytics.client.android.InternalLog: InternalLog()
com.sinch.sanalytics.client.android.InternalLog: void d(java.lang.String)
com.sinch.sanalytics.client.android.InternalLog: void w(java.lang.String,java.lang.Throwable)
com.sinch.sanalytics.client.android.InternalLog: void w(java.lang.String)
com.sinch.sanalytics.client.android.LocalLogging
com.sinch.sanalytics.client.android.LocalLogging: void setMinimumSeverity(com.sinch.sanalytics.client.LogSeverity)
com.sinch.sanalytics.client.android.LocalLogging: LocalLogging()
com.sinch.sanalytics.client.android.NoOpClient
com.sinch.sanalytics.client.android.NoOpClient: NoOpClient()
com.sinch.sanalytics.client.android.NoOpClient: com.sinch.sanalytics.client.Logger logger()
com.sinch.sanalytics.client.android.NoOpClient: void flush()
com.sinch.sanalytics.client.android.NoOpClient: void log(com.sinch.sanalytics.client.LogSeverity,java.lang.String)
com.sinch.sanalytics.client.android.NoOpClient: void log(com.sinch.sanalytics.client.LogSeverity,java.util.Map)
com.sinch.sanalytics.client.android.NoOpClient: void log(com.sinch.sanalytics.client.LogSeverity,java.lang.String,java.util.Map)
com.sinch.sanalytics.client.android.NoOpClientBuilder
com.sinch.sanalytics.client.android.NoOpClientBuilder: NoOpClientBuilder()
com.sinch.sanalytics.client.android.NoOpClientBuilder: com.sinch.sanalytics.client.ClientBuilder databaseDirectory(java.lang.String)
com.sinch.sanalytics.client.android.NoOpClientBuilder: com.sinch.sanalytics.client.ClientBuilder appId(java.lang.String)
com.sinch.sanalytics.client.android.NoOpClientBuilder: com.sinch.sanalytics.client.ClientBuilder appVersion(java.lang.String)
com.sinch.sanalytics.client.android.NoOpClientBuilder: com.sinch.sanalytics.client.ClientBuilder logSessionId(java.lang.String)
com.sinch.sanalytics.client.android.NoOpClientBuilder: com.sinch.sanalytics.client.ClientBuilder deviceId(java.lang.String)
com.sinch.sanalytics.client.android.NoOpClientBuilder: com.sinch.sanalytics.client.ClientBuilder baseUrl(java.net.URL)
com.sinch.sanalytics.client.android.NoOpClientBuilder: com.sinch.sanalytics.client.ClientBuilder flushInterval(long,java.util.concurrent.TimeUnit)
com.sinch.sanalytics.client.android.NoOpClientBuilder: com.sinch.sanalytics.client.Client build()
com.sinch.sanalytics.client.jni.ApplicationContext
com.sinch.sanalytics.client.jni.ApplicationContext: ApplicationContext()
com.sinch.sanalytics.client.jni.ApplicationContext: void initApplicationContext(java.lang.Object)
com.sinch.sanalytics.client.jni.ClassLoaderDummy
com.sinch.sanalytics.client.jni.ClassLoaderDummy: ClassLoaderDummy()