app/libs/sinch-android-verification-1.4.0-05db487/proguard-mapping/mapping.txt
com.sinch.verification.internal.logging.AggregateLogger -> com.sinch.verification.a.d.a:
    java.util.ArrayList mLoggers -> a
    void <init>() -> <init>
    void addCommonExtra(java.lang.String,java.lang.String) -> d
    void flush() -> l
    void finish() -> m
    void d(java.lang.String,java.lang.String) -> e
    void w(java.lang.String,java.lang.String) -> f
    void e(java.lang.String,java.lang.String) -> g
    void i(java.lang.String,java.lang.String) -> h
    void log(int,java.lang.String,java.lang.String,java.util.Map) -> a
com.sinch.verification.internal.logging.AggregateLogger$Entry -> com.sinch.verification.a.d.b:
    com.sinch.httpclient.AsyncTaskDelegate logger$6d006eaf -> a
    boolean mIsSticky -> b
    void <init>(com.sinch.httpclient.AsyncTaskDelegate,boolean) -> <init>
com.sinch.verification.internal.logging.BaseLogger -> com.sinch.verification.a.d.c:
    java.util.concurrent.ConcurrentMap mCommonExtra -> a
    void <init>() -> <init>
    void d(java.lang.String,java.lang.String) -> e
    void w(java.lang.String,java.lang.String) -> f
    void e(java.lang.String,java.lang.String) -> g
    void i(java.lang.String,java.lang.String) -> h
    void addCommonExtra(java.lang.String,java.lang.String) -> d
    void finish() -> m
    void log(int,java.lang.String,java.util.Map) -> a
    void log(int,java.lang.String,java.lang.String,java.util.Map) -> a
com.sinch.verification.internal.logging.ExternalLoggerAdapter -> com.sinch.verification.a.d.d:
    com.sinch.verification.Logger mLogger -> a
    boolean $assertionsDisabled -> b
    void <init>(com.sinch.verification.Logger) -> <init>
    void addCommonExtra(java.lang.String,java.lang.String) -> d
    void d(java.lang.String,java.lang.String) -> e
    void w(java.lang.String,java.lang.String) -> f
    void e(java.lang.String,java.lang.String) -> g
    void i(java.lang.String,java.lang.String) -> h
    void log(int,java.lang.String,java.lang.String,java.util.Map) -> a
    void flush() -> l
    void finish() -> m
    void <clinit>() -> <clinit>
com.sinch.verification.internal.logging.LogcatLogger -> com.sinch.verification.a.d.e:
    boolean $assertionsDisabled -> a
    void <init>() -> <init>
    java.lang.String combineMessage(java.lang.String,java.util.Map) -> a
    void log(int,java.lang.String,java.util.Map) -> a
    void flush() -> l
    void <clinit>() -> <clinit>
com.sinch.verification.internal.logging.Logging -> com.sinch.verification.a.d.f:
    java.util.concurrent.locks.Lock sGlobalExternalLoggerLock -> a
    com.sinch.verification.Logger sGlobalExternalLogger -> b
    com.sinch.httpclient.AsyncTaskDelegate createInternalLogger$428b3052() -> a
    void setGlobalExternalLogger(com.sinch.verification.Logger) -> a
    void <clinit>() -> <clinit>
com.sinch.verification.internal.logging.sanalytics.DeviceInfoProvider -> com.sinch.verification.a.d.a.a:
    void <init>() -> <init>
    java.lang.Object newInstance(java.lang.Object) -> newInstance
com.sinch.verification.internal.logging.sanalytics.DeviceInfoProvider$DeviceInfoImpl -> com.sinch.verification.a.d.a.b:
    android.content.Context mContext -> a
    com.sinch.httpclient.AsyncTaskDelegate mLogger$6d006eaf -> b
    void <init>(android.content.Context) -> <init>
    java.lang.String platformVersion() -> platformVersion
    java.lang.String locale() -> locale
    java.util.List MCCs() -> MCCs
com.sinch.verification.internal.logging.sanalytics.FallbackLogger -> com.sinch.verification.a.d.a.c:
    boolean $assertionsDisabled -> a
    void <init>() -> <init>
    void log(com.sinch.sanalytics.client.LogSeverity,java.lang.String) -> log
    void log(com.sinch.sanalytics.client.LogSeverity,java.util.Map) -> log
    void log(com.sinch.sanalytics.client.LogSeverity,java.lang.String,java.util.Map) -> log
    void _log(com.sinch.sanalytics.client.LogSeverity,java.lang.String) -> a
    void <clinit>() -> <clinit>