app/libs/sinch-android-verification-1.4.0-05db487/proguard-mapping/usage.txt
com.sinch.httpclient.AsyncTaskDelegate:
    public abstract void onPreExecute()
com.sinch.httpclient.AsyncTaskRequest$TaskImpl:
    private static final int CONNECT_TIMEOUT
    private static final int READ_TIMEOUT
    130:130:public void onPreExecute()
com.sinch.httpclient.BuildConfig
com.sinch.httpclient.HttpClient:
    private static final int PRIORITY_CMP_LT
    private static final int PRIORITY_CMP_GT
    private static final java.lang.String TAG
com.sinch.httpclient.HttpRequestProcessor:
    private static final int RESPONSE_BUFFER_SIZE
com.sinch.httpclient.RequestOptions:
    public static final int PRIORITY_LOW
    public static final int PRIORITY_NORMAL
    public static final int PRIORITY_HIGH
com.sinch.verification.internal.AndroidCallbackHandler:
    31:31:public void postDelayed(java.lang.Runnable,int)
com.sinch.verification.internal.ApiLevelUtils:
    5:5:public ApiLevelUtils()
com.sinch.verification.internal.BuildFlavorFacade:
    62:64:private BuildFlavorFacade()
com.sinch.verification.internal.CallbackHandler:
    public abstract void postDelayed(java.lang.Runnable,int)
com.sinch.verification.internal.DefaultConfig:
    63:64:public void setInternalParameter(java.lang.String,java.lang.Object)
com.sinch.verification.internal.Interceptor:
    public abstract void stop()
com.sinch.verification.internal.InterceptorFactory
com.sinch.verification.internal.InternalVerification:
    public abstract void report(boolean,boolean,org.json.JSONObject)
com.sinch.verification.internal.MetadataUtils:
    11:11:public MetadataUtils()
com.sinch.verification.internal.PermissionsChecks:
    public static final java.lang.String PERMISSION_READ_PHONE_STATE
    public static final java.lang.String PERMISSION_READ_CALL_LOG
    public static final java.lang.String PERMISSION_CALL_PHONE
    public static final java.lang.String PERMISSION_READ_SMS
    public static final java.lang.String PERMISSION_RECEIVE_SMS
    public static final java.lang.String PERMISSION_ACCESS_NETWORK_STATE
    public static final java.lang.String PERMISSION_GET_CELL_SIGNAL_LEVEL
    11:11:public PermissionsChecks()
com.sinch.verification.internal.PhoneMetadata:
    public static final java.lang.String TAG
    private static final int METADATA_VERSION_NUMBER
    public static final java.lang.String OS
    public static final java.lang.String MNC
    public static final java.lang.String MCC
    public static final java.lang.String SDK
    public static final java.lang.String SIM
    public static final java.lang.String DATA
    public static final java.lang.String MODEL
    public static final java.lang.String ROAMING
    public static final java.lang.String CELLULAR
    public static final java.lang.String PLATFORM
    public static final java.lang.String OPERATOR
    public static final java.lang.String METADATA
    public static final java.lang.String NETWORK_NAME
    public static final java.lang.String DEVICE_ID
    public static final java.lang.String SIM_STATE
    public static final java.lang.String COUNTRY_ID
    public static final java.lang.String DATA_NETWORK_TYPE
    public static final java.lang.String PERMISSIONS
    public static final java.lang.String NETWORK_INFO
    public static final java.lang.String BUILD_FLAVOR
    public static final java.lang.String MANUFACTURER
    public static final java.lang.String BATTERY_LEVEL
    public static final java.lang.String SIM_CARDS_INFO
    public static final java.lang.String DEFAULT_LOCALE
    public static final java.lang.String VOICE_CAPABLE
    public static final java.lang.String SIM_CARDS_COUNT